0 info it worked if it ends with ok
1 verbose cli [ 'c:\\Program Files (x86)\\nodejs\\node.exe',
1 verbose cli   'c:\\Program Files (x86)\\nodejs\\node_modules\\npm\\bin\\npm-cli.js',
1 verbose cli   'publish',
1 verbose cli   '--access=publish' ]
2 warn invalid config access="publish"
3 info using npm@2.11.3
4 info using node@v0.12.7
5 verbose publish [ '.' ]
6 silly cache add args [ '.', null ]
7 verbose cache add spec .
8 silly cache add parsed spec { raw: '.',
8 silly cache add   scope: null,
8 silly cache add   name: null,
8 silly cache add   rawSpec: '.',
8 silly cache add   spec: 'e:\\workspace\\lianxi\\generator-minxing',
8 silly cache add   type: 'directory' }
9 verbose addLocalDirectory C:\Users\dell\AppData\Roaming\npm-cache\generator-minxing\0.0.0\package.tgz not in flight; packing
10 verbose tar pack [ 'C:\\Users\\dell\\AppData\\Roaming\\npm-cache\\generator-minxing\\0.0.0\\package.tgz',
10 verbose tar pack   'e:\\workspace\\lianxi\\generator-minxing' ]
11 verbose tarball C:\Users\dell\AppData\Roaming\npm-cache\generator-minxing\0.0.0\package.tgz
12 verbose folder e:\workspace\lianxi\generator-minxing
13 info prepublish generator-minxing@0.0.0
14 verbose unsafe-perm in lifecycle true
15 verbose addLocalTarball adding from inside cache C:\Users\dell\AppData\Roaming\npm-cache\generator-minxing\0.0.0\package.tgz
16 silly cache afterAdd generator-minxing@0.0.0
17 verbose afterAdd C:\Users\dell\AppData\Roaming\npm-cache\generator-minxing\0.0.0\package\package.json not in flight; writing
18 verbose afterAdd C:\Users\dell\AppData\Roaming\npm-cache\generator-minxing\0.0.0\package\package.json written
19 silly publish { name: 'generator-minxing',
19 silly publish   version: '0.0.0',
19 silly publish   description: 'generator-minxing',
19 silly publish   repository:
19 silly publish    { type: 'git',
19 silly publish      url: 'git+https://github.com/yeoman/generator-minxing.git' },
19 silly publish   homepage: 'https://github.com/yeoman/generator-minxing#readme',
19 silly publish   author: { name: 'minxing', email: 'dev@dehuinet.com' },
19 silly publish   files: [ 'generators' ],
19 silly publish   main: 'generators\\index.js',
19 silly publish   keywords: [ 'yeoman-generator' ],
19 silly publish   dependencies:
19 silly publish    { chalk: '^1.0.0',
19 silly publish      'generator-jasmine': '^0.2.1',
19 silly publish      'generator-mocha': '^0.2.0',
19 silly publish      mkdirp: '^0.5.1',
19 silly publish      'underscore.string': '^3.1.1',
19 silly publish      wiredep: '^2.2.2',
19 silly publish      'yeoman-assert': '^2.0.0',
19 silly publish      'yeoman-generator': '^0.20.1',
19 silly publish      yosay: '^1.0.0' },
19 silly publish   devDependencies:
19 silly publish    { 'yeoman-assert': '^2.0.0',
19 silly publish      gulp: '^3.6.0',
19 silly publish      'gulp-eslint': '^1.0.0',
19 silly publish      'gulp-exclude-gitignore': '^1.0.0',
19 silly publish      'gulp-istanbul': '^0.9.0',
19 silly publish      'gulp-mocha': '^2.0.0',
19 silly publish      'gulp-plumber': '^1.0.0',
19 silly publish      'gulp-nsp': '^2.1.0',
19 silly publish      'gulp-coveralls': '^0.1.0' },
19 silly publish   scripts: { prepublish: 'gulp prepublish', test: 'gulp' },
19 silly publish   license: 'Apache-2.0',
19 silly publish   readme: '# generator-minxing [![NPM version][npm-image]][npm-url] [![Build Status][travis-image]][travis-url] [![Dependency Status][daviddm-image]][daviddm-url] [![Coverage percentage][coveralls-image]][coveralls-url]\n> \n\n## Installation\n\nFirst, install [Yeoman](http://yeoman.io) and generator-minxing using [npm](https://www.npmjs.com/) (we assume you have pre-installed [node.js](https://nodejs.org/)).\n\n```bash\nnpm install -g yo\nnpm install -g generator-minxing\n```\n\nThen generate your new project:\n\n```bash\nyo generator-minxing\n```\n\n## Getting To Know Yeoman\n\nYeoman has a heart of gold. He&#39;s a person with feelings and opinions, but he&#39;s very easy to work with. If you think he&#39;s too opinionated, he can be easily convinced. Feel free to [learn more about him](http://yeoman.io/).\n\n## License\n\nApache-2.0 © [wangzhe11]()\n\n\n[npm-image]: https://badge.fury.io/js/generator-minxing.svg\n[npm-url]: https://npmjs.org/package/generator-minxing\n[travis-image]: https://travis-ci.org//generator-minxing.svg?branch=master\n[travis-url]: https://travis-ci.org//generator-minxing\n[daviddm-image]: https://david-dm.org//generator-minxing.svg?theme=shields.io\n[daviddm-url]: https://david-dm.org//generator-minxing\n[coveralls-image]: https://coveralls.io/repos//generator-minxing/badge.svg\n[coveralls-url]: https://coveralls.io/r//generator-minxing\n',
19 silly publish   readmeFilename: 'README.md',
19 silly publish   gitHead: '32716ef1a0313a6d4463fc0b89743be032f10b28',
19 silly publish   bugs: { url: 'https://github.com/yeoman/generator-minxing/issues' },
19 silly publish   _id: 'generator-minxing@0.0.0',
19 silly publish   _shasum: '952affabc4b4392e887921e6cc6de5a2c772a667',
19 silly publish   _from: '.' }
20 verbose getPublishConfig undefined
21 silly mapToRegistry name generator-minxing
22 silly mapToRegistry using default registry
23 silly mapToRegistry registry https://registry.npmjs.org/
24 silly mapToRegistry uri https://registry.npmjs.org/generator-minxing
25 verbose publish registryBase https://registry.npmjs.org/
26 silly publish uploading C:\Users\dell\AppData\Roaming\npm-cache\generator-minxing\0.0.0\package.tgz
27 verbose request uri https://registry.npmjs.org/generator-minxing
28 verbose request sending authorization for write operation
29 info attempt registry request try #1 at 19:40:48
30 verbose request using bearer token for auth
31 verbose request id bc9c9e3344f4c664
32 http request PUT https://registry.npmjs.org/generator-minxing
33 http 403 https://registry.npmjs.org/generator-minxing
34 verbose headers { 'content-type': 'application/json',
34 verbose headers   'cache-control': 'max-age=60',
34 verbose headers   'content-length': '128',
34 verbose headers   'accept-ranges': 'bytes',
34 verbose headers   date: 'Tue, 24 Nov 2015 11:41:20 GMT',
34 verbose headers   via: '1.1 varnish',
34 verbose headers   connection: 'keep-alive',
34 verbose headers   'x-served-by': 'cache-ams4120-AMS',
34 verbose headers   'x-cache': 'MISS',
34 verbose headers   'x-cache-hits': '0',
34 verbose headers   'x-timer': 'S1448365278.173781,VS0,VE1931' }
35 verbose request invalidating C:\Users\dell\AppData\Roaming\npm-cache\registry.npmjs.org\generator-minxing on PUT
36 error publish Failed PUT 403
37 verbose stack Error: "You cannot publish over the previously published version 0.0.0. Try bumping the version to 1.0.0" : generator-minxing
37 verbose stack     at CachingRegistryClient.<anonymous> (c:\Program Files (x86)\nodejs\node_modules\npm\node_modules\npm-registry-client\lib\request.js:247:14)
37 verbose stack     at Request._callback (c:\Program Files (x86)\nodejs\node_modules\npm\node_modules\npm-registry-client\lib\request.js:170:14)
37 verbose stack     at Request.self.callback (c:\Program Files (x86)\nodejs\node_modules\npm\node_modules\request\request.js:354:22)
37 verbose stack     at Request.emit (events.js:110:17)
37 verbose stack     at Request.<anonymous> (c:\Program Files (x86)\nodejs\node_modules\npm\node_modules\request\request.js:1207:14)
37 verbose stack     at Request.emit (events.js:129:20)
37 verbose stack     at IncomingMessage.<anonymous> (c:\Program Files (x86)\nodejs\node_modules\npm\node_modules\request\request.js:1153:12)
37 verbose stack     at IncomingMessage.emit (events.js:129:20)
37 verbose stack     at _stream_readable.js:908:16
37 verbose stack     at process._tickCallback (node.js:355:11)
38 verbose statusCode 403
39 verbose pkgid generator-minxing
40 verbose cwd e:\workspace\lianxi\generator-minxing
41 error Windows_NT 6.3.9600
42 error argv "c:\\Program Files (x86)\\nodejs\\node.exe" "c:\\Program Files (x86)\\nodejs\\node_modules\\npm\\bin\\npm-cli.js" "publish" "--access=publish"
43 error node v0.12.7
44 error npm  v2.11.3
45 error code E403
46 error "You cannot publish over the previously published version 0.0.0. Try bumping the version to 1.0.0" : generator-minxing
47 error If you need help, you may report this error at:
47 error     <https://github.com/npm/npm/issues>
48 verbose exit [ 1, true ]
